<?xml version="1.0" encoding="UTF-8"?>
<!-- Generated by org.testng.reporters.JUnitXMLReporter -->
<testsuite ignored="0" hostname="LTIN1159251" failures="0" tests="2" name="Parallel Test" time="0.045" errors="0" timestamp="2022-08-18T20:39:50 IST">
  <testcase classname="utilities.BrowserFactory" name="@BeforeMethod browserSetUp" time="-1.660835390343E9">
    <failure type="org.testng.TestNGException" message="
Parameter &amp;apos;browserType&amp;apos; is required by BeforeMethod on method browserSetUp but has not been marked @Optional or defined
in C:\Users\vb4\eclipse-workspace\Selenium_Cucumber_Project\testng_parallel_suite.xml">
      <![CDATA[org.testng.TestNGException: 
Parameter 'browserType' is required by BeforeMethod on method browserSetUp but has not been marked @Optional or defined
in C:\Users\vb4\eclipse-workspace\Selenium_Cucumber_Project\testng_parallel_suite.xml
at java.base/java.util.concurrent.ThreadPoolExecutor.runWorker(ThreadPoolExecutor.java:1136)
at java.base/java.util.concurrent.ThreadPoolExecutor$Worker.run(ThreadPoolExecutor.java:635)
at java.base/java.lang.Thread.run(Thread.java:833)
... Removed 13 stack frames]]>
    </failure>
  </testcase> <!-- @BeforeMethod browserSetUp -->
  <testcase classname="utilities.BrowserFactory" name="@BeforeMethod browserSetUp" time="-1.660835390343E9">
    <failure type="org.testng.TestNGException" message="
Parameter &amp;apos;browserType&amp;apos; is required by BeforeMethod on method browserSetUp but has not been marked @Optional or defined
in C:\Users\vb4\eclipse-workspace\Selenium_Cucumber_Project\testng_parallel_suite.xml">
      <![CDATA[org.testng.TestNGException: 
Parameter 'browserType' is required by BeforeMethod on method browserSetUp but has not been marked @Optional or defined
in C:\Users\vb4\eclipse-workspace\Selenium_Cucumber_Project\testng_parallel_suite.xml
at java.base/java.util.concurrent.ThreadPoolExecutor.runWorker(ThreadPoolExecutor.java:1136)
at java.base/java.util.concurrent.ThreadPoolExecutor$Worker.run(ThreadPoolExecutor.java:635)
at java.base/java.lang.Thread.run(Thread.java:833)
... Removed 13 stack frames]]>
    </failure>
  </testcase> <!-- @BeforeMethod browserSetUp -->
  <testcase classname="utilities.TestBase" name="@BeforeMethod setUpBrowser" time="-1.660835390352E9">
    <skipped/>
  </testcase> <!-- @BeforeMethod setUpBrowser -->
  <testcase classname="utilities.TestBase" name="@BeforeMethod setUpBrowser" time="-1.660835390352E9">
    <skipped/>
  </testcase> <!-- @BeforeMethod setUpBrowser -->
  <testcase classname="utilities.TestBase" name="@AfterMethod quitBrowser" time="-1.660835390358E9">
    <skipped/>
  </testcase> <!-- @AfterMethod quitBrowser -->
  <testcase classname="utilities.TestBase" name="@AfterMethod quitBrowser" time="-1.660835390358E9">
    <skipped/>
  </testcase> <!-- @AfterMethod quitBrowser -->
  <testcase classname="testcases.Google" name="search" time="0.0">
    <skipped/>
  </testcase> <!-- search -->
  <testcase classname="testcases.Google" name="navigateToHomePage" time="0.0">
    <skipped/>
  </testcase> <!-- navigateToHomePage -->
</testsuite> <!-- Parallel Test -->
